<?xml version="1.0" encoding="UTF-8"?>
<testng-results ignored="1" total="2" passed="1" failed="0" skipped="0">
  <reporter-output>
  </reporter-output>
  <suite started-at="2023-12-12T14:54:24 IST" name="Default suite" finished-at="2023-12-12T14:54:28 IST" duration-ms="3352">
    <groups>
    </groups>
    <test started-at="2023-12-12T14:54:24 IST" name="Default test" finished-at="2023-12-12T14:54:28 IST" duration-ms="3352">
      <class name="basic.CreateUser">
        <test-method signature="fetch()[pri:0, instance:basic.CreateUser@242b836]" started-at="2023-12-12T14:54:24 IST" name="fetch" finished-at="2023-12-12T14:54:28 IST" duration-ms="3301" status="PASS">
          <reporter-output>
          </reporter-output>
        </test-method> <!-- fetch -->
      </class> <!-- basic.CreateUser -->
    </test> <!-- Default test -->
  </suite> <!-- Default suite -->
</testng-results>
